<?xml version="1.0" encoding="UTF-8"?>
<!-- Generated by org.testng.reporters.JUnitXMLReporter -->
<testsuite ignored="0" hostname="LAPTOP-IKS9SD1L" failures="0" tests="3" name="ParallelTest" time="20.84" errors="0" timestamp="2022-12-30T06:59:34 IST">
  <testcase classname="TestNGPrograms.ChromeTest" name="ChromeTest" time="10.121"/>
  <testcase classname="TestNGPrograms.EdgeTest" name="EdgeTest" time="10.669"/>
  <testcase classname="TestNGPrograms.FireFoxTest" name="FireFoxTest" time="10.295"/>
</testsuite> <!-- ParallelTest -->
