<?xml version="1.0" encoding="UTF-8"?>
<!-- Generated by org.testng.reporters.JUnitXMLReporter -->
<testsuite ignored="2" hostname="LAPTOP-IKS9SD1L" failures="0" tests="2" name="RegressionTest" time="11.147" errors="0" timestamp="2022-12-22T07:54:14 IST">
  <testcase classname="TestNGPrograms.groupTest" name="Starting_point" time="8.736"/>
  <testcase classname="TestNGPrograms.groupTest" name="insert_data" time="2.306"/>
  <testcase classname="TestNGPrograms.groupTest" name="checkTitle" time="0.0">
    <ignored/>
  </testcase> <!-- checkTitle -->
  <testcase classname="TestNGPrograms.groupTest" name="clickonElement" time="0.0">
    <ignored/>
  </testcase> <!-- clickonElement -->
</testsuite> <!-- RegressionTest -->
