<?xml version="1.0" encoding="UTF-8"?>
<!-- Generated by org.testng.reporters.JUnitXMLReporter -->
<testsuite ignored="1" hostname="LAPTOP-IKS9SD1L" failures="1" tests="3" name="SanityTest" time="16.121" errors="0" timestamp="2022-12-22T07:54:31 IST">
  <testcase classname="TestNGPrograms.groupTest" name="Starting_point" time="12.403"/>
  <testcase classname="TestNGPrograms.groupTest" name="checkTitle" time="0.171">
    <failure type="java.lang.AssertionError" message="expected [Utkarshaa academy] but found [Utkarshaa Academy]">
      <![CDATA[java.lang.AssertionError: expected [Utkarshaa academy] but found [Utkarshaa Academy]
at TestNGPrograms.groupTest.checkTitle(groupTest.java:21)
at java.base/java.util.ArrayList.forEach(ArrayList.java:1511)
... Removed 33 stack frames]]>
    </failure>
  </testcase> <!-- checkTitle -->
  <testcase classname="TestNGPrograms.groupTest" name="clickonElement" time="3.494"/>
  <testcase classname="TestNGPrograms.groupTest" name="insert_data" time="0.0">
    <ignored/>
  </testcase> <!-- insert_data -->
</testsuite> <!-- SanityTest -->
