<?xml version="1.0" encoding="UTF-8"?>
<!-- Generated by org.testng.reporters.JUnitXMLReporter -->
<testsuite ignored="2" hostname="LAPTOP-IKS9SD1L" failures="0" tests="1" name="Test1(failed)(failed)" time="0.049" errors="0" timestamp="2022-12-24T07:48:46 IST">
  <testcase classname="TestNGPrograms.NewTest1" name="second" time="0.01"/>
  <testcase classname="TestNGPrograms.NewTest1" name="third" time="0.0">
    <ignored/>
  </testcase> <!-- third -->
  <testcase classname="TestNGPrograms.NewTest1" name="first" time="0.0">
    <ignored/>
  </testcase> <!-- first -->
</testsuite> <!-- Test1(failed)(failed) -->
