<?xml version="1.0" encoding="UTF-8"?>
<!-- Generated by org.testng.reporters.JUnitXMLReporter -->
<testsuite ignored="3" hostname="LAPTOP-IKS9SD1L" failures="0" tests="3" name="Test(failed)" time="17.182" errors="0" timestamp="2022-12-31T07:55:12 IST">
  <testcase classname="TestNGPrograms.ParallelTest" name="SkipTest" time="0.038">
    <skipped/>
  </testcase> <!-- SkipTest -->
  <testcase classname="TestNGPrograms.ParallelTest" name="edgeTest" time="9.601"/>
  <testcase classname="TestNGPrograms.ParallelTest" name="FireFoxTest" time="17.081"/>
  <testcase classname="TestNGPrograms.ParallelTest" name="ChromeTest" time="0.0">
    <ignored/>
  </testcase> <!-- ChromeTest -->
  <testcase classname="TestNGPrograms.ParallelTest" name="AccountTest" time="0.0">
    <ignored/>
  </testcase> <!-- AccountTest -->
  <testcase classname="TestNGPrograms.ParallelTest" name="AccountTest1" time="0.0">
    <ignored/>
  </testcase> <!-- AccountTest1 -->
</testsuite> <!-- Test(failed) -->
