<?xml version="1.0" encoding="UTF-8"?>
<!-- Generated by org.testng.reporters.JUnitXMLReporter -->
<testsuite ignored="2" hostname="LAPTOP-IKS9SD1L" failures="1" tests="1" name="Test1(failed)" time="0.05" errors="0" timestamp="2022-12-24T07:48:15 IST">
  <testcase classname="TestNGPrograms.NewTest1" name="second" time="0.012">
    <failure type="java.lang.AssertionError" message="expected [true] but found [false]">
      <![CDATA[java.lang.AssertionError: expected [true] but found [false]
at TestNGPrograms.NewTest1.second(NewTest1.java:14)
at java.base/java.util.ArrayList.forEach(ArrayList.java:1511)
... Removed 31 stack frames]]>
    </failure>
  </testcase> <!-- second -->
  <testcase classname="TestNGPrograms.NewTest1" name="third" time="0.0">
    <ignored/>
  </testcase> <!-- third -->
  <testcase classname="TestNGPrograms.NewTest1" name="first" time="0.0">
    <ignored/>
  </testcase> <!-- first -->
</testsuite> <!-- Test1(failed) -->
